[debug] [2019-10-08T11:06:40.427Z] ----------------------------------------------------------------------
[debug] [2019-10-08T11:06:40.430Z] Command:       /usr/local/Cellar/node/12.10.0/bin/node /usr/local/bin/firebase serve
[debug] [2019-10-08T11:06:40.431Z] CLI Version:   7.4.0
[debug] [2019-10-08T11:06:40.431Z] Platform:      darwin
[debug] [2019-10-08T11:06:40.431Z] Node Version:  v12.10.0
[debug] [2019-10-08T11:06:40.433Z] Time:          Tue Oct 08 2019 15:06:40 GMT+0400 (GMT+04:00)
[debug] [2019-10-08T11:06:40.434Z] ----------------------------------------------------------------------
[debug] 
[debug] [2019-10-08T11:06:40.444Z] > command requires scopes: ["email","openid","https://www.googleapis.com/auth/cloudplatformprojects.readonly","https://www.googleapis.com/auth/firebase","https://www.googleapis.com/auth/cloud-platform"]
[debug] [2019-10-08T11:06:40.444Z] > authorizing via signed-in user
[debug] [2019-10-08T11:06:40.444Z] [iam] checking project umbetov-asman-task2 for permissions ["firebase.projects.get"]
[debug] [2019-10-08T11:06:40.446Z] > refreshing access token with scopes: ["email","https://www.googleapis.com/auth/cloud-platform","https://www.googleapis.com/auth/cloudplatformprojects.readonly","https://www.googleapis.com/auth/firebase","openid"]
[debug] [2019-10-08T11:06:40.446Z] >>> HTTP REQUEST POST https://www.googleapis.com/oauth2/v3/token  
 <request body omitted>
[debug] [2019-10-08T11:06:40.683Z] <<< HTTP RESPONSE 200
[debug] [2019-10-08T11:06:40.698Z] >>> HTTP REQUEST POST https://cloudresourcemanager.googleapis.com/v1/projects/umbetov-asman-task2:testIamPermissions  

[debug] [2019-10-08T11:06:41.891Z] <<< HTTP RESPONSE 200
[debug] [2019-10-08T11:06:41.893Z] >>> HTTP REQUEST GET https://firebase.googleapis.com/v1beta1/projects/umbetov-asman-task2  
 
[debug] [2019-10-08T11:06:42.279Z] <<< HTTP RESPONSE 200
[info] 
[info] === Serving from '/Users/aumbetov/Desktop/ui-internship-HTML/mock2'...
[info] 
[debug] [2019-10-08T11:06:42.282Z] >>> HTTP REQUEST GET https://firebase.googleapis.com/v1beta1/projects/umbetov-asman-task2/webApps/-/config  
 
[debug] [2019-10-08T11:06:42.936Z] <<< HTTP RESPONSE 200
[warn] ⚠  hosting: Port 5000 is not available. Trying another port...
[info] i  hosting: Serving hosting files from: /
[info] ✔  hosting: Local server: http://localhost:5005
